Fontconfig error: Cannot load default config file
(node:40435) [DEP0160] DeprecationWarning: The multipleResolves event has been deprecated.
(Use `node --trace-deprecation ...` to show where the warning was created)
Fontconfig error: Cannot load default config file
(node:41306) [DEP0160] DeprecationWarning: The multipleResolves event has been deprecated.
(Use `node --trace-deprecation ...` to show where the warning was created)
Fontconfig error: Cannot load default config file
(node:83186) [DEP0160] DeprecationWarning: The multipleResolves event has been deprecated.
(Use `node --trace-deprecation ...` to show where the warning was created)
ConnectTimeoutError: Connect Timeout Error
    at onConnectTimeout (/root/MHCAT/MHCAT/node_modules/undici/lib/core/connect.js:131:24)
    at /root/MHCAT/MHCAT/node_modules/undici/lib/core/connect.js:78:46
    at Immediate._onImmediate (/root/MHCAT/MHCAT/node_modules/undici/lib/core/connect.js:119:9)
    at process.processImmediate (node:internal/timers:476:21) {
  code: 'UND_ERR_CONNECT_TIMEOUT'
}
Fontconfig error: Cannot load default config file
(node:84923) [DEP0160] DeprecationWarning: The multipleResolves event has been deprecated.
(Use `node --trace-deprecation ...` to show where the warning was created)
Fontconfig error: Cannot load default config file
(node:85665) [DEP0160] DeprecationWarning: The multipleResolves event has been deprecated.
(Use `node --trace-deprecation ...` to show where the warning was created)
Fontconfig error: Cannot load default config file
(node:86193) [DEP0160] DeprecationWarning: The multipleResolves event has been deprecated.
(Use `node --trace-deprecation ...` to show where the warning was created)
Fontconfig error: Cannot load default config file
(node:86692) [DEP0160] DeprecationWarning: The multipleResolves event has been deprecated.
(Use `node --trace-deprecation ...` to show where the warning was created)
Fontconfig error: Cannot load default config file
(node:87196) [DEP0160] DeprecationWarning: The multipleResolves event has been deprecated.
(Use `node --trace-deprecation ...` to show where the warning was created)
Fontconfig error: Cannot load default config file
(node:87734) [DEP0160] DeprecationWarning: The multipleResolves event has been deprecated.
(Use `node --trace-deprecation ...` to show where the warning was created)
Fontconfig error: Cannot load default config file
(node:88479) [DEP0160] DeprecationWarning: The multipleResolves event has been deprecated.
(Use `node --trace-deprecation ...` to show where the warning was created)
Fontconfig error: Cannot load default config file
(node:89050) [DEP0160] DeprecationWarning: The multipleResolves event has been deprecated.
(Use `node --trace-deprecation ...` to show where the warning was created)
Fontconfig error: Cannot load default config file
(node:89645) [DEP0160] DeprecationWarning: The multipleResolves event has been deprecated.
(Use `node --trace-deprecation ...` to show where the warning was created)
Fontconfig error: Cannot load default config file
(node:100084) [DEP0160] DeprecationWarning: The multipleResolves event has been deprecated.
(Use `node --trace-deprecation ...` to show where the warning was created)
